<?xml version="1.0" encoding="UTF-8"?>
<testsuite xmlns:xsi="http://www.w3.org/2001/XMLSchema-instance" xsi:noNamespaceSchemaLocation="https://maven.apache.org/surefire/maven-surefire-plugin/xsd/surefire-test-report-3.0.xsd" version="3.0" name="com.mycompany.app.MessageTest" time="0.343" tests="8" errors="0" skipped="0" failures="0">
  <properties>
[...]
</properties>
  <testcase name="testReturnTotalMesssages" classname="com.mycompany.app.MessageTest" time="0.031">
    <system-out><![CDATA[returnTotalMesssages
]]></system-out>
  </testcase>
  <testcase name="testStoreMessage" classname="com.mycompany.app.MessageTest" time="0.233">
    <system-out><![CDATA[storeMessage
]]></system-out>
  </testcase>
  <testcase name="testCheckMessageId" classname="com.mycompany.app.MessageTest" time="0.003">
    <system-out><![CDATA[checkMessageId
]]></system-out>
  </testcase>
  <testcase name="testCheckRecipientCell" classname="com.mycompany.app.MessageTest" time="0.004">
    <system-out><![CDATA[checkRecipientCell
]]></system-out>
  </testcase>
  <testcase name="testSaveMessage" classname="com.mycompany.app.MessageTest" time="0.001">
    <system-out><![CDATA[saveMessage
]]></system-out>
  </testcase>
  <testcase name="testPrintMessages" classname="com.mycompany.app.MessageTest" time="0.003">
    <system-out><![CDATA[printMessages
]]></system-out>
  </testcase>
  <testcase name="testCreateMessagehash" classname="com.mycompany.app.MessageTest" time="0.017">
    <system-out><![CDATA[createMessagehash
]]></system-out>
  </testcase>
  <testcase name="testSentMessages" classname="com.mycompany.app.MessageTest" time="0.006">
    <system-out><![CDATA[sentMessages
]]></system-out>
  </testcase>
</testsuite>