<?xml version="1.0" encoding="UTF-8"?>
<testsuite xmlns:xsi="http://www.w3.org/2001/XMLSchema-instance" xsi:noNamespaceSchemaLocation="https://maven.apache.org/surefire/maven-surefire-plugin/xsd/surefire-test-report-3.0.xsd" version="3.0" name="com.mycompany.quickchat.MessageTest" time="0.565" tests="10" errors="0" skipped="0" failures="0">
  <properties>
[...]
</properties>
  <testcase name="testCheckRecipientCell_invalidNumber" classname="com.mycompany.quickchat.MessageTest" time="0.091"/>
  <testcase name="testCheckMessageId_generatesValidId" classname="com.mycompany.quickchat.MessageTest" time="0.008"/>
  <testcase name="testCreateMessageHash_longMessage" classname="com.mycompany.quickchat.MessageTest" time="0.029"/>
  <testcase name="testSentMessages_send" classname="com.mycompany.quickchat.MessageTest" time="0.292">
    <system-out><![CDATA[Data appended to JSON file.
]]></system-out>
  </testcase>
  <testcase name="testPrintMessages_whenEmpty" classname="com.mycompany.quickchat.MessageTest" time="0.003"/>
  <testcase name="testCreateMessageHash_shortMessage" classname="com.mycompany.quickchat.MessageTest" time="0.009"/>
  <testcase name="testSentMessages_disregard" classname="com.mycompany.quickchat.MessageTest" time="0.006">
    <system-out><![CDATA[Data appended to JSON file.
]]></system-out>
  </testcase>
  <testcase name="testReturnTotalMessages_incrementsCorrectly" classname="com.mycompany.quickchat.MessageTest" time="0.045">
    <system-err><![CDATA[Error appending to JSON file: Null key for a Map not allowed in JSON (use a converting NullKeySerializer?) (through reference chain: java.util.ArrayList[1]->java.util.HashMap["null"])
Error appending to JSON file: Unexpected end-of-input: expected close marker for Object (start marker at [Source: (File); line: 8, column: 4])
 at [Source: (File); line: 8, column: 5]
]]></system-err>
  </testcase>
  <testcase name="testCheckRecipientCell_validNumber" classname="com.mycompany.quickchat.MessageTest" time="0.002"/>
  <testcase name="testSentMessages_store" classname="com.mycompany.quickchat.MessageTest" time="0.005">
    <system-out><![CDATA[Data appended to JSON file.
]]></system-out>
  </testcase>
</testsuite>