<?xml version="1.0" encoding="UTF-8"?>
<testsuite xmlns:xsi="http://www.w3.org/2001/XMLSchema-instance" xsi:noNamespaceSchemaLocation="https://maven.apache.org/surefire/maven-surefire-plugin/xsd/surefire-test-report-3.0.xsd" version="3.0" name="com.mycompany.quickchat.LoginTest" time="0.142" tests="4" errors="0" skipped="0" failures="0">
  <properties>
[...]
</properties>
  <testcase name="testReturnLoginStatus" classname="com.mycompany.quickchat.LoginTest" time="0.051">
    <system-out><![CDATA[returnLoginStatus
]]></system-out>
  </testcase>
  <testcase name="testLoginUser" classname="com.mycompany.quickchat.LoginTest" time="0.003">
    <system-out><![CDATA[loginUser
]]></system-out>
  </testcase>
  <testcase name="testRegisterUser" classname="com.mycompany.quickchat.LoginTest" time="0.003">
    <system-out><![CDATA[registerUser
]]></system-out>
  </testcase>
  <testcase name="testSetUserCredentials" classname="com.mycompany.quickchat.LoginTest" time="0.007">
    <system-out><![CDATA[setUserCredentials
]]></system-out>
  </testcase>
</testsuite>